0 info it worked if it ends with ok
1 verbose cli [ 'node', '/usr/local/bin/npm', 'install', 'phaser' ]
2 info using npm@2.5.1
3 info using node@v0.12.0
4 verbose node symlink /usr/local/bin/node
5 warn package.json solo_project@1.0.0 No description
6 warn package.json solo_project@1.0.0 No repository field.
7 warn package.json solo_project@1.0.0 No README data
8 silly cache add args [ 'phaser', null ]
9 verbose cache add spec phaser
10 silly cache add parsed spec { raw: 'phaser',
10 silly cache add   scope: null,
10 silly cache add   name: null,
10 silly cache add   rawSpec: 'phaser',
10 silly cache add   spec: '/Users/Matthew/The_Game/phaser',
10 silly cache add   type: 'directory' }
11 verbose addLocalDirectory /Users/Matthew/.npm/phaser/2.3.0/package.tgz not in flight; packing
12 verbose tar pack [ '/Users/Matthew/.npm/phaser/2.3.0/package.tgz',
12 verbose tar pack   '/Users/Matthew/The_Game/phaser' ]
13 verbose tarball /Users/Matthew/.npm/phaser/2.3.0/package.tgz
14 verbose folder /Users/Matthew/The_Game/phaser
15 info prepublish phaser@2.3.0
16 verbose unsafe-perm in lifecycle true
17 info phaser@2.3.0 Failed to exec prepublish script
18 error addLocalDirectory Could not pack /Users/Matthew/The_Game/phaser to /Users/Matthew/.npm/phaser/2.3.0/package.tgz
19 error addLocal Could not install /Users/Matthew/The_Game/phaser
20 verbose stack Error: phaser@2.3.0 prepublish: `grunt build`
20 verbose stack Exit status 3
20 verbose stack     at EventEmitter.<anonymous> (/usr/local/lib/node_modules/npm/lib/utils/lifecycle.js:213:16)
20 verbose stack     at EventEmitter.emit (events.js:110:17)
20 verbose stack     at ChildProcess.<anonymous> (/usr/local/lib/node_modules/npm/lib/utils/spawn.js:14:12)
20 verbose stack     at ChildProcess.emit (events.js:110:17)
20 verbose stack     at maybeClose (child_process.js:1008:16)
20 verbose stack     at Process.ChildProcess._handle.onexit (child_process.js:1080:5)
21 verbose pkgid phaser@2.3.0
22 verbose cwd /Users/Matthew/The_Game
23 error Darwin 14.1.0
24 error argv "node" "/usr/local/bin/npm" "install" "phaser"
25 error node v0.12.0
26 error npm  v2.5.1
27 error code ELIFECYCLE
28 error phaser@2.3.0 prepublish: `grunt build`
28 error Exit status 3
29 error Failed at the phaser@2.3.0 prepublish script 'grunt build'.
29 error This is most likely a problem with the phaser package,
29 error not with npm itself.
29 error Tell the author that this fails on your system:
29 error     grunt build
29 error You can get their info via:
29 error     npm owner ls phaser
29 error There is likely additional logging output above.
30 verbose exit [ 1, true ]
